TN:
SF:/home/intag/workspace/fam/blunder/es5/lib/multiError.js
FN:7,(anonymous_1)
FN:7,defineProperties
FN:7,(anonymous_3)
FN:9,get
FN:11,_classCallCheck
FN:13,_inherits
FN:17,(anonymous_7)
FN:18,MultiError
FN:40,(anonymous_9)
FN:52,push
FN:56,(anonymous_11)
FN:67,value
FN:73,(anonymous_13)
FNF:13
FNH:12
FNDA:1,(anonymous_1)
FNDA:1,defineProperties
FNDA:1,(anonymous_3)
FNDA:12,get
FNDA:12,_classCallCheck
FNDA:1,_inherits
FNDA:1,(anonymous_7)
FNDA:12,MultiError
FNDA:30,(anonymous_9)
FNDA:31,push
FNDA:0,(anonymous_11)
FNDA:2,value
FNDA:6,(anonymous_13)
DA:3,1
DA:7,2
DA:9,12
DA:11,12
DA:13,1
DA:15,1
DA:17,1
DA:18,1
DA:19,12
DA:21,12
DA:23,12
DA:24,12
DA:39,12
DA:40,10
DA:41,30
DA:43,2
DA:44,1
DA:48,1
DA:50,1
DA:53,31
DA:55,31
DA:56,0
DA:57,0
DA:58,0
DA:61,31
DA:62,31
DA:68,2
DA:69,2
DA:70,1
DA:73,2
DA:74,6
DA:77,2
DA:81,1
DA:84,1
DA:85,1
LF:35
LH:32
BRDA:7,1,0,2
BRDA:7,1,1,2
BRDA:7,2,0,2
BRDA:7,2,1,0
BRDA:7,3,0,1
BRDA:7,3,1,0
BRDA:7,4,0,0
BRDA:7,4,1,1
BRDA:9,5,0,0
BRDA:9,5,1,12
BRDA:9,6,0,0
BRDA:9,6,1,12
BRDA:9,7,0,0
BRDA:9,7,1,0
BRDA:9,8,0,12
BRDA:9,8,1,0
BRDA:9,9,0,0
BRDA:9,9,1,0
BRDA:11,10,0,0
BRDA:11,10,1,12
BRDA:13,11,0,0
BRDA:13,11,1,1
BRDA:13,12,0,1
BRDA:13,12,1,0
BRDA:13,13,0,1
BRDA:13,13,1,1
BRDA:13,14,0,1
BRDA:13,14,1,0
BRDA:39,15,0,10
BRDA:39,15,1,2
BRDA:43,16,0,1
BRDA:43,16,1,1
BRDA:55,17,0,0
BRDA:55,17,1,31
BRDA:57,18,0,0
BRDA:57,18,1,0
BRDA:61,19,0,31
BRDA:61,19,1,25
BRDA:69,20,0,1
BRDA:69,20,1,1
BRF:40
BRH:23
end_of_record
