TN:
SF:/home/intag/workspace/fam/blunder/es5/lib/multiError.js
FN:7,(anonymous_1)
FN:7,defineProperties
FN:7,(anonymous_3)
FN:9,get
FN:11,_classCallCheck
FN:13,_inherits
FN:17,(anonymous_7)
FN:18,MultiError
FN:43,(anonymous_9)
FN:55,push
FN:59,(anonymous_11)
FN:70,value
FN:76,(anonymous_13)
FNF:13
FNH:12
FNDA:1,(anonymous_1)
FNDA:1,defineProperties
FNDA:1,(anonymous_3)
FNDA:14,get
FNDA:14,_classCallCheck
FNDA:1,_inherits
FNDA:1,(anonymous_7)
FNDA:14,MultiError
FNDA:36,(anonymous_9)
FNDA:37,push
FNDA:0,(anonymous_11)
FNDA:2,value
FNDA:6,(anonymous_13)
DA:3,1
DA:7,2
DA:9,14
DA:11,14
DA:13,1
DA:15,1
DA:17,1
DA:18,1
DA:19,14
DA:21,14
DA:23,14
DA:24,14
DA:40,14
DA:42,14
DA:43,12
DA:44,36
DA:46,2
DA:47,1
DA:51,1
DA:53,1
DA:56,37
DA:58,37
DA:59,0
DA:60,0
DA:61,0
DA:64,37
DA:65,37
DA:71,2
DA:72,2
DA:73,1
DA:76,2
DA:77,6
DA:80,2
DA:84,1
DA:87,1
DA:88,1
LF:36
LH:33
BRDA:7,1,0,2
BRDA:7,1,1,2
BRDA:7,2,0,2
BRDA:7,2,1,0
BRDA:7,3,0,1
BRDA:7,3,1,0
BRDA:7,4,0,0
BRDA:7,4,1,1
BRDA:9,5,0,0
BRDA:9,5,1,14
BRDA:9,6,0,0
BRDA:9,6,1,14
BRDA:9,7,0,0
BRDA:9,7,1,0
BRDA:9,8,0,14
BRDA:9,8,1,0
BRDA:9,9,0,0
BRDA:9,9,1,0
BRDA:11,10,0,0
BRDA:11,10,1,14
BRDA:13,11,0,0
BRDA:13,11,1,1
BRDA:13,12,0,1
BRDA:13,12,1,0
BRDA:13,13,0,1
BRDA:13,13,1,1
BRDA:13,14,0,1
BRDA:13,14,1,0
BRDA:42,15,0,12
BRDA:42,15,1,2
BRDA:46,16,0,1
BRDA:46,16,1,1
BRDA:58,17,0,0
BRDA:58,17,1,37
BRDA:60,18,0,0
BRDA:60,18,1,0
BRDA:64,19,0,37
BRDA:64,19,1,28
BRDA:72,20,0,1
BRDA:72,20,1,1
BRF:40
BRH:23
end_of_record
